<?xml version="1.0" encoding="UTF-8"?>
<testng-results ignored="0" total="1" passed="1" failed="0" skipped="0">
  <reporter-output>
  </reporter-output>
  <suite started-at="2023-07-21T07:55:48 GMT" name="Default suite" finished-at="2023-07-21T07:55:55 GMT" duration-ms="6921">
    <groups>
    </groups>
    <test started-at="2023-07-21T07:55:48 GMT" name="Default test" finished-at="2023-07-21T07:55:55 GMT" duration-ms="6921">
      <class name="testScripts.RemoteDriverTest">
        <test-method signature="test()[pri:0, instance:testScripts.RemoteDriverTest@383bfa16]" started-at="2023-07-21T07:55:48 GMT" name="test" finished-at="2023-07-21T07:55:55 GMT" duration-ms="6877" status="PASS">
          <reporter-output>
          </reporter-output>
        </test-method> <!-- test -->
      </class> <!-- testScripts.RemoteDriverTest -->
    </test> <!-- Default test -->
  </suite> <!-- Default suite -->
</testng-results>
